<?xml version="1.0" encoding="UTF-8"?>
<testng-results skipped="0" failed="0" total="1" passed="1">
  <reporter-output>
  </reporter-output>
  <suite name="Default suite" duration-ms="2953" started-at="2017-09-24T22:47:15Z" finished-at="2017-09-24T22:47:18Z">
    <groups>
    </groups>
    <test name="Default test" duration-ms="2953" started-at="2017-09-24T22:47:15Z" finished-at="2017-09-24T22:47:18Z">
      <class name="resmedtest.GetPlace">
        <test-method status="PASS" signature="getData()" name="getData" is-config="true" duration-ms="16" started-at="2017-09-24T22:47:15Z" finished-at="2017-09-24T22:47:15Z">
        </test-method>
        <test-method status="PASS" signature="getPlaceAPI()" name="getPlaceAPI" duration-ms="2937" started-at="2017-09-24T22:47:15Z" finished-at="2017-09-24T22:47:18Z">
        </test-method>
      </class>
    </test>
  </suite>
</testng-results>
